<?xml version="1.0" encoding="UTF-8"?>
<!-- Generated by org.testng.reporters.JUnitXMLReporter -->
<testsuite hostname="ITEM-S81633" ignored="0" name="Default test" tests="3" failures="0" timestamp="09 Jun 2020 05:29:36 GMT" time="48.219" errors="0">
  <testcase name="test1" time="4.489" classname="oAuth2.googleCode"/>
  <testcase name="test2" time="11.667" classname="oAuth2.googleCode"/>
  <testcase name="test3" time="9.499" classname="oAuth2.googleCode"/>
</testsuite> <!-- Default test -->
