<?xml version="1.0" encoding="UTF-8"?>
<!-- Generated by org.testng.reporters.JUnitXMLReporter -->
<testsuite hostname="ITEM-S81633" ignored="0" name="Test1" tests="1" failures="1" timestamp="17 Jun 2020 11:00:29 GMT" time="3.274" errors="0">
  <testcase name="Test1" time="3.251" classname="pojo.CustomerCall">
    <failure type="com.fasterxml.jackson.databind.exc.UnrecognizedPropertyException" message="Unrecognized field &amp;quot;courses&amp;quot; (class pojo.customerDetails), not marked as ignorable (4 known properties: &amp;quot;coursesDetails&amp;quot;, &amp;quot;name&amp;quot;, &amp;quot;jobDetails&amp;quot;, &amp;quot;custId&amp;quot;])
 at [Source: (String)&amp;quot;{
    &amp;quot;custId&amp;quot;: &amp;quot;001&amp;quot;,
    &amp;quot;name&amp;quot;: &amp;quot;Harneet&amp;quot;,
    &amp;quot;courses&amp;quot;: {
        &amp;quot;WebAutomation&amp;quot;: [
            {
                &amp;quot;courseName&amp;quot;: &amp;quot;Java&amp;quot;,
                &amp;quot;price&amp;quot;: &amp;quot;50&amp;quot;
            },
            {
                &amp;quot;courseName&amp;quot;: &amp;quot;Python&amp;quot;,
                &amp;quot;price&amp;quot;: &amp;quot;500&amp;quot;
            }
        ],
        &amp;quot;Api&amp;quot;: [
            {
                &amp;quot;courseName&amp;quot;: &amp;quot;CCNA&amp;quot;,
                &amp;quot;price&amp;quot;: &amp;quot;80&amp;quot;
            },
            {
                &amp;quot;courseName&amp;quot;: &amp;quot;RPA&amp;quot;,
                &amp;quot;price&amp;quot;: &amp;quot;100&amp;quot;
       &amp;quot;[truncated 431 chars]; line: 4, column: 17] (through reference chain: pojo.customerDetails[&amp;quot;courses&amp;quot;])">
      <![CDATA[com.fasterxml.jackson.databind.exc.UnrecognizedPropertyException: Unrecognized field "courses" (class pojo.customerDetails), not marked as ignorable (4 known properties: "coursesDetails", "name", "jobDetails", "custId"])
 at [Source: (String)"{
    "custId": "001",
    "name": "Harneet",
    "courses": {
        "WebAutomation": [
            {
                "courseName": "Java",
                "price": "50"
            },
            {
                "courseName": "Python",
                "price": "500"
            }
        ],
        "Api": [
            {
                "courseName": "CCNA",
                "price": "80"
            },
            {
                "courseName": "RPA",
                "price": "100"
       "[truncated 431 chars]; line: 4, column: 17] (through reference chain: pojo.customerDetails["courses"])
at com.fasterxml.jackson.databind.exc.UnrecognizedPropertyException.from(UnrecognizedPropertyException.java:61)
at com.fasterxml.jackson.databind.DeserializationContext.handleUnknownProperty(DeserializationContext.java:840)
at com.fasterxml.jackson.databind.deser.std.StdDeserializer.handleUnknownProperty(StdDeserializer.java:1206)
at com.fasterxml.jackson.databind.deser.BeanDeserializerBase.handleUnknownProperty(BeanDeserializerBase.java:1592)
at com.fasterxml.jackson.databind.deser.BeanDeserializerBase.handleUnknownVanilla(BeanDeserializerBase.java:1570)
at com.fasterxml.jackson.databind.deser.BeanDeserializer.vanillaDeserialize(BeanDeserializer.java:294)
at com.fasterxml.jackson.databind.deser.BeanDeserializer.deserialize(BeanDeserializer.java:151)
at com.fasterxml.jackson.databind.ObjectMapper._readMapAndClose(ObjectMapper.java:4202)
at com.fasterxml.jackson.databind.ObjectMapper.readValue(ObjectMapper.java:3205)
at com.fasterxml.jackson.databind.ObjectMapper$readValue$0.call(Unknown Source)
at org.codehaus.groovy.runtime.callsite.CallSiteArray.defaultCall(CallSiteArray.java:47)
at org.codehaus.groovy.runtime.callsite.AbstractCallSite.call(AbstractCallSite.java:115)
at org.codehaus.groovy.runtime.callsite.AbstractCallSite.call(AbstractCallSite.java:135)
at io.restassured.internal.path.json.mapping.JsonPathJackson2ObjectDeserializer.deserialize(JsonPathJackson2ObjectDeserializer.groovy:46)
at io.restassured.path.json.mapping.JsonPathObjectDeserializer$deserialize.call(Unknown Source)
at org.codehaus.groovy.runtime.callsite.CallSiteArray.defaultCall(CallSiteArray.java:47)
at org.codehaus.groovy.runtime.callsite.AbstractCallSite.call(AbstractCallSite.java:115)
at org.codehaus.groovy.runtime.callsite.AbstractCallSite.call(AbstractCallSite.java:127)
at io.restassured.internal.mapping.Jackson2Mapper.deserialize(Jackson2Mapper.groovy:58)
at io.restassured.mapper.ObjectMapper$deserialize.call(Unknown Source)
at org.codehaus.groovy.runtime.callsite.CallSiteArray.defaultCall(CallSiteArray.java:47)
at org.codehaus.groovy.runtime.callsite.AbstractCallSite.call(AbstractCallSite.java:115)
at org.codehaus.groovy.runtime.callsite.AbstractCallSite.call(AbstractCallSite.java:127)
at io.restassured.internal.mapping.ObjectMapping.parseWithJackson2(ObjectMapping.groovy:238)
at io.restassured.internal.mapping.ObjectMapping$parseWithJackson2$0.callStatic(Unknown Source)
at org.codehaus.groovy.runtime.callsite.CallSiteArray.defaultCallStatic(CallSiteArray.java:55)
at org.codehaus.groovy.runtime.callsite.AbstractCallSite.callStatic(AbstractCallSite.java:196)
at org.codehaus.groovy.runtime.callsite.AbstractCallSite.callStatic(AbstractCallSite.java:216)
at io.restassured.internal.mapping.ObjectMapping.deserialize(ObjectMapping.groovy:59)
at io.restassured.internal.mapping.ObjectMapping$deserialize.call(Unknown Source)
at org.codehaus.groovy.runtime.callsite.CallSiteArray.defaultCall(CallSiteArray.java:47)
at org.codehaus.groovy.runtime.callsite.AbstractCallSite.call(AbstractCallSite.java:115)
at io.restassured.internal.RestAssuredResponseOptionsGroovyImpl.as(RestAssuredResponseOptionsGroovyImpl.groovy:226)
at io.restassured.internal.RestAssuredResponseOptionsImpl.as(RestAssuredResponseOptionsImpl.java:169)
at pojo.CustomerCall.Test1(CustomerCall.java:26)
at java.util.concurrent.FutureTask.run(Unknown Source)
at java.util.concurrent.ThreadPoolExecutor.runWorker(Unknown Source)
at java.util.concurrent.ThreadPoolExecutor$Worker.run(Unknown Source)
at java.lang.Thread.run(Unknown Source)
... Removed 16 stack frames]]>
    </failure>
  </testcase> <!-- Test1 -->
</testsuite> <!-- Test1 -->
