<?xml version="1.0" encoding="UTF-8"?>
<!-- Generated by org.testng.reporters.JUnitXMLReporter -->
<testsuite hostname="ITEM-S81633" ignored="2" name="Test2" tests="2" failures="0" timestamp="09 Jun 2020 10:46:19 GMT" time="30.422" errors="0">
  <testcase name="test3" time="8.357" classname="oAuth2.googleCode"/>
  <testcase name="test4" time="16.24" classname="oAuth2.googleCode"/>
  <testcase name="test1" time="0.0" classname="oAuth2.googleCode">
    <ignored/>
  </testcase> <!-- test1 -->
  <testcase name="test2" time="0.0" classname="oAuth2.googleCode">
    <ignored/>
  </testcase> <!-- test2 -->
</testsuite> <!-- Test2 -->
